<?xml version="1.0" encoding="utf-8"?><testsuites><testsuite name="pytest" errors="0" failures="0" skipped="0" tests="19" time="6.189" timestamp="2026-04-28T16:55:33.659148" hostname="Mac"><testcase classname="test_backend_api.TestHealthEndpoint" name="test_health_returns_200" time="0.006" /><testcase classname="test_backend_api.TestHealthEndpoint" name="test_health_status_ok" time="0.002" /><testcase classname="test_backend_api.TestLanguageEndpoint" name="test_languages_returns_200" time="0.002" /><testcase classname="test_backend_api.TestLanguageEndpoint" name="test_languages_has_list" time="0.002" /><testcase classname="test_backend_api.TestLanguageEndpoint" name="test_languages_has_at_least_3" time="0.002" /><testcase classname="test_backend_api.TestLanguageEndpoint" name="test_language_item_structure" time="0.002" /><testcase classname="test_backend_api.TestLanguageEndpoint" name="test_portuguese_supported" time="0.002" /><testcase classname="test_backend_api.TestLanguageEndpoint" name="test_english_supported" time="0.002" /><testcase classname="test_backend_api.TestSpeakerProfileEndpoint" name="test_list_profiles_returns_200" time="0.003" /><testcase classname="test_backend_api.TestSpeakerProfileEndpoint" name="test_list_profiles_has_profiles_key" time="0.002" /><testcase classname="test_backend_api.TestSpeakerProfileEndpoint" name="test_post_profile_missing_body_returns_error" time="0.002" /><testcase classname="test_backend_api.TestSpeakerProfileEndpoint" name="test_post_profile_invalid_url_returns_error" time="0.002" /><testcase classname="test_backend_api.TestSessionEndpoint" name="test_unknown_session_returns_404" time="0.002" /><testcase classname="test_backend_api.TestSessionEndpoint" name="test_session_id_format_accepted" time="0.002" /><testcase classname="test_websocket.TestWebSocketConnectivity" name="test_websocket_connects" time="0.017" /><testcase classname="test_websocket.TestWebSocketConnectivity" name="test_websocket_accepts_init_message" time="3.006" /><testcase classname="test_websocket.TestWebSocketConnectivity" name="test_websocket_response_types_are_valid" time="3.011" /><testcase classname="test_websocket.TestWebSocketConnectivity" name="test_websocket_clean_close" time="0.009" /><testcase classname="test_websocket.TestWebSocketConnectivity" name="test_websocket_multiple_sessions_independent" time="0.011" /></testsuite></testsuites>